#
# There is insufficient memory for the Java Runtime Environment to continue.
# Native memory allocation (malloc) failed to allocate 1361056 bytes for Chunk::new
# Possible reasons:
#   The system is out of physical RAM or swap space
#   In 32 bit mode, the process size limit was hit
# Possible solutions:
#   Reduce memory load on the system
#   Increase physical memory or swap space
#   Check if swap backing store is full
#   Use 64 bit Java on a 64 bit OS
#   Decrease Java heap size (-Xmx/-Xms)
#   Decrease number of Java threads
#   Decrease Java thread stack sizes (-Xss)
#   Set larger code cache with -XX:ReservedCodeCacheSize=
# This output file may be truncated or incomplete.
#
#  Out of Memory Error (allocation.cpp:390), pid=512, tid=1516
#
# JRE version: Java(TM) SE Runtime Environment (8.0_91-b14) (build 1.8.0_91-b14)
# Java VM: Java HotSpot(TM) 64-Bit Server VM (25.91-b14 mixed mode windows-amd64 compressed oops)
# Failed to write core dump. Minidumps are not enabled by default on client versions of Windows
#

---------------  T H R E A D  ---------------

Current thread (0x00000000098b1800):  JavaThread "C2 CompilerThread1" daemon [_thread_in_native, id=1516, stack(0x000000000a180000,0x000000000a280000)]

Stack: [0x000000000a180000,0x000000000a280000]
[error occurred during error reporting (printing stack bounds), id 0xc0000005]

Native frames: (J=compiled Java code, j=interpreted, Vv=VM code, C=native code)


Current CompileTask:
C2:  14590 4870       4       org.apache.maven.model.inheritance.DefaultInheritanceAssembler$InheritanceModelMerger::mergePluginContainer_Plugins (430 bytes)


---------------  P R O C E S S  ---------------

Java Threads: ( => current thread )
  0x000000000990a000 JavaThread "Service Thread" daemon [_thread_blocked, id=9868, stack(0x000000000a460000,0x000000000a560000)]
  0x0000000009905800 JavaThread "C1 CompilerThread2" daemon [_thread_blocked, id=16184, stack(0x000000000a360000,0x000000000a460000)]
=>0x00000000098b1800 JavaThread "C2 CompilerThread1" daemon [_thread_in_native, id=1516, stack(0x000000000a180000,0x000000000a280000)]
  0x00000000098ac000 JavaThread "C2 CompilerThread0" daemon [_thread_blocked, id=6636, stack(0x000000000a030000,0x000000000a130000)]
  0x000000000853d000 JavaThread "Attach Listener" daemon [_thread_blocked, id=1280, stack(0x0000000009ca0000,0x0000000009da0000)]
  0x000000000989a800 JavaThread "Signal Dispatcher" daemon [_thread_blocked, id=560, stack(0x0000000009dd0000,0x0000000009ed0000)]
  0x0000000008519800 JavaThread "Finalizer" daemon [_thread_blocked, id=16552, stack(0x0000000009430000,0x0000000009530000)]
  0x00000000084d2000 JavaThread "Reference Handler" daemon [_thread_blocked, id=8252, stack(0x0000000009790000,0x0000000009890000)]
  0x00000000003fe000 JavaThread "main" [_thread_in_native, id=14112, stack(0x0000000002850000,0x0000000002950000)]

Other Threads:
  0x00000000084ca800 VMThread [stack: 0x00000000095b0000,0x00000000096b0000] [id=16760]
  0x000000000997b000 WatcherThread [stack: 0x000000000a5e0000,0x000000000a6e0000] [id=15800]

VM state:not at safepoint (normal execution)

VM Mutex/Monitor currently owned by a thread: None

Heap:
 PSYoungGen      total 231424K, used 78630K [0x00000000d5d80000, 0x00000000e8380000, 0x0000000100000000)
  eden space 214016K, 28% used [0x00000000d5d80000,0x00000000d994bc98,0x00000000e2e80000)
  from space 17408K, 99% used [0x00000000e7280000,0x00000000e837dec0,0x00000000e8380000)
  to   space 21504K, 0% used [0x00000000e5980000,0x00000000e5980000,0x00000000e6e80000)
 ParOldGen       total 82432K, used 26481K [0x0000000081800000, 0x0000000086880000, 0x00000000d5d80000)
  object space 82432K, 32% used [0x0000000081800000,0x00000000831dc400,0x0000000086880000)
 Metaspace       used 28274K, capacity 29036K, committed 29312K, reserved 1075200K
  class space    used 3365K, capacity 3661K, committed 3712K, reserved 1048576K

Card table byte_map: [0x0000000002d10000,0x0000000003110000] byte_map_base: 0x0000000002904000

Marking Bits: (ParMarkBitMap*) 0x0000000062aa2f70
 Begin Bits: [0x0000000003800000, 0x00000000057a0000)
 End Bits:   [0x00000000057a0000, 0x0000000007740000)

Polling page: 0x0000000000330000

CodeCache: size=245760Kb used=16413Kb max_used=16413Kb free=229346Kb
 bounds [0x000000000f010000, 0x0000000010030000, 0x000000001e010000]
 total_blobs=5163 nmethods=4731 adapters=344
 compilation: enabled

Compilation events (10 events):
Event: 14.516 Thread 0x0000000009905800 5380       3       java.util.zip.ZipCoder::toString (190 bytes)
Event: 14.518 Thread 0x0000000009905800 nmethod 5380 0x0000000010020990 code [0x0000000010020d20, 0x0000000010022c28]
Event: 14.518 Thread 0x0000000009905800 5382       3       java.nio.StringCharBuffer::<init> (56 bytes)
Event: 14.519 Thread 0x0000000009905800 nmethod 5382 0x000000001001ff50 code [0x0000000010020100, 0x0000000010020718]
Event: 14.519 Thread 0x0000000009905800 5383       3       java.nio.CharBuffer::<init> (12 bytes)
Event: 14.519 Thread 0x0000000009905800 nmethod 5383 0x000000001001fad0 code [0x000000001001fc40, 0x000000001001fe68]
Event: 14.519 Thread 0x0000000009905800 5384       3       java.nio.charset.CharsetEncoder::averageBytesPerChar (5 bytes)
Event: 14.519 Thread 0x0000000009905800 nmethod 5384 0x000000001001f7d0 code [0x000000001001f920, 0x000000001001fa70]
Event: 14.519 Thread 0x0000000009905800 5381       3       java.util.zip.ZipCoder::decoder (35 bytes)
Event: 14.519 Thread 0x0000000009905800 nmethod 5381 0x0000000010023c90 code [0x0000000010023e20, 0x0000000010024468]

GC Heap History (10 events):
Event: 3.579 GC heap before
{Heap before GC invocations=3 (full 0):
 PSYoungGen      total 71680K, used 71653K [0x00000000d5d80000, 0x00000000da880000, 0x0000000100000000)
  eden space 66560K, 100% used [0x00000000d5d80000,0x00000000d9e80000,0x00000000d9e80000)
  from space 5120K, 99% used [0x00000000da380000,0x00000000da879748,0x00000000da880000)
  to   space 5120K, 0% used [0x00000000d9e80000,0x00000000d9e80000,0x00000000da380000)
 ParOldGen       total 87552K, used 2462K [0x0000000081800000, 0x0000000086d80000, 0x00000000d5d80000)
  object space 87552K, 2% used [0x0000000081800000,0x0000000081a67818,0x0000000086d80000)
 Metaspace       used 14840K, capacity 15098K, committed 15232K, reserved 1062912K
  class space    used 1797K, capacity 1881K, committed 1920K, reserved 1048576K
Event: 3.599 GC heap after
Heap after GC invocations=3 (full 0):
 PSYoungGen      total 71680K, used 5097K [0x00000000d5d80000, 0x00000000de980000, 0x0000000100000000)
  eden space 66560K, 0% used [0x00000000d5d80000,0x00000000d5d80000,0x00000000d9e80000)
  from space 5120K, 99% used [0x00000000d9e80000,0x00000000da37a630,0x00000000da380000)
  to   space 5120K, 0% used [0x00000000de480000,0x00000000de480000,0x00000000de980000)
 ParOldGen       total 87552K, used 9202K [0x0000000081800000, 0x0000000086d80000, 0x00000000d5d80000)
  object space 87552K, 10% used [0x0000000081800000,0x00000000820fc868,0x0000000086d80000)
 Metaspace       used 14840K, capacity 15098K, committed 15232K, reserved 1062912K
  class space    used 1797K, capacity 1881K, committed 1920K, reserved 1048576K
}
Event: 5.005 GC heap before
{Heap before GC invocations=4 (full 0):
 PSYoungGen      total 71680K, used 71657K [0x00000000d5d80000, 0x00000000de980000, 0x0000000100000000)
  eden space 66560K, 100% used [0x00000000d5d80000,0x00000000d9e80000,0x00000000d9e80000)
  from space 5120K, 99% used [0x00000000d9e80000,0x00000000da37a630,0x00000000da380000)
  to   space 5120K, 0% used [0x00000000de480000,0x00000000de480000,0x00000000de980000)
 ParOldGen       total 87552K, used 9202K [0x0000000081800000, 0x0000000086d80000, 0x00000000d5d80000)
  object space 87552K, 10% used [0x0000000081800000,0x00000000820fc868,0x0000000086d80000)
 Metaspace       used 15297K, capacity 15620K, committed 15744K, reserved 1062912K
  class space    used 1817K, capacity 1920K, committed 1920K, reserved 1048576K
Event: 5.110 GC heap after
Heap after GC invocations=4 (full 0):
 PSYoungGen      total 138240K, used 5113K [0x00000000d5d80000, 0x00000000de980000, 0x0000000100000000)
  eden space 133120K, 0% used [0x00000000d5d80000,0x00000000d5d80000,0x00000000ddf80000)
  from space 5120K, 99% used [0x00000000de480000,0x00000000de97e640,0x00000000de980000)
  to   space 5120K, 0% used [0x00000000ddf80000,0x00000000ddf80000,0x00000000de480000)
 ParOldGen       total 87552K, used 16366K [0x0000000081800000, 0x0000000086d80000, 0x00000000d5d80000)
  object space 87552K, 18% used [0x0000000081800000,0x00000000827fb870,0x0000000086d80000)
 Metaspace       used 15297K, capacity 15620K, committed 15744K, reserved 1062912K
  class space    used 1817K, capacity 1920K, committed 1920K, reserved 1048576K
}
Event: 7.792 GC heap before
{Heap before GC invocations=5 (full 0):
 PSYoungGen      total 138240K, used 103154K [0x00000000d5d80000, 0x00000000de980000, 0x0000000100000000)
  eden space 133120K, 73% used [0x00000000d5d80000,0x00000000dbd3e4d0,0x00000000ddf80000)
  from space 5120K, 99% used [0x00000000de480000,0x00000000de97e640,0x00000000de980000)
  to   space 5120K, 0% used [0x00000000ddf80000,0x00000000ddf80000,0x00000000de480000)
 ParOldGen       total 87552K, used 16366K [0x0000000081800000, 0x0000000086d80000, 0x00000000d5d80000)
  object space 87552K, 18% used [0x0000000081800000,0x00000000827fb870,0x0000000086d80000)
 Metaspace       used 20716K, capacity 21186K, committed 21296K, reserved 1069056K
  class space    used 2486K, capacity 2649K, committed 2688K, reserved 1048576K
Event: 8.117 GC heap after
Heap after GC invocations=5 (full 0):
 PSYoungGen      total 138240K, used 5113K [0x00000000d5d80000, 0x00000000e8380000, 0x0000000100000000)
  eden space 133120K, 0% used [0x00000000d5d80000,0x00000000d5d80000,0x00000000ddf80000)
  from space 5120K, 99% used [0x00000000ddf80000,0x00000000de47e640,0x00000000de480000)
  to   space 17408K, 0% used [0x00000000e7280000,0x00000000e7280000,0x00000000e8380000)
 ParOldGen       total 87552K, used 25117K [0x0000000081800000, 0x0000000086d80000, 0x00000000d5d80000)
  object space 87552K, 28% used [0x0000000081800000,0x00000000830877b8,0x0000000086d80000)
 Metaspace       used 20716K, capacity 21186K, committed 21296K, reserved 1069056K
  class space    used 2486K, capacity 2649K, committed 2688K, reserved 1048576K
}
Event: 8.117 GC heap before
{Heap before GC invocations=6 (full 1):
 PSYoungGen      total 138240K, used 5113K [0x00000000d5d80000, 0x00000000e8380000, 0x0000000100000000)
  eden space 133120K, 0% used [0x00000000d5d80000,0x00000000d5d80000,0x00000000ddf80000)
  from space 5120K, 99% used [0x00000000ddf80000,0x00000000de47e640,0x00000000de480000)
  to   space 17408K, 0% used [0x00000000e7280000,0x00000000e7280000,0x00000000e8380000)
 ParOldGen       total 87552K, used 25117K [0x0000000081800000, 0x0000000086d80000, 0x00000000d5d80000)
  object space 87552K, 28% used [0x0000000081800000,0x00000000830877b8,0x0000000086d80000)
 Metaspace       used 20716K, capacity 21186K, committed 21296K, reserved 1069056K
  class space    used 2486K, capacity 2649K, committed 2688K, reserved 1048576K
Event: 8.327 GC heap after
Heap after GC invocations=6 (full 1):
 PSYoungGen      total 138240K, used 0K [0x00000000d5d80000, 0x00000000e8380000, 0x0000000100000000)
  eden space 133120K, 0% used [0x00000000d5d80000,0x00000000d5d80000,0x00000000ddf80000)
  from space 5120K, 0% used [0x00000000ddf80000,0x00000000ddf80000,0x00000000de480000)
  to   space 17408K, 0% used [0x00000000e7280000,0x00000000e7280000,0x00000000e8380000)
 ParOldGen       total 82432K, used 24837K [0x0000000081800000, 0x0000000086880000, 0x00000000d5d80000)
  object space 82432K, 30% used [0x0000000081800000,0x0000000083041418,0x0000000086880000)
 Metaspace       used 20716K, capacity 21186K, committed 21296K, reserved 1069056K
  class space    used 2486K, capacity 2649K, committed 2688K, reserved 1048576K
}
Event: 12.462 GC heap before
{Heap before GC invocations=7 (full 1):
 PSYoungGen      total 138240K, used 133120K [0x00000000d5d80000, 0x00000000e8380000, 0x0000000100000000)
  eden space 133120K, 100% used [0x00000000d5d80000,0x00000000ddf80000,0x00000000ddf80000)
  from space 5120K, 0% used [0x00000000ddf80000,0x00000000ddf80000,0x00000000de480000)
  to   space 17408K, 0% used [0x00000000e7280000,0x00000000e7280000,0x00000000e8380000)
 ParOldGen       total 82432K, used 24837K [0x0000000081800000, 0x0000000086880000, 0x00000000d5d80000)
  object space 82432K, 30% used [0x0000000081800000,0x0000000083041418,0x0000000086880000)
 Metaspace       used 25452K, capacity 26102K, committed 26368K, reserved 1073152K
  class space    used 2989K, capacity 3214K, committed 3328K, reserved 1048576K
Event: 12.503 GC heap after
Heap after GC invocations=7 (full 1):
 PSYoungGen      total 231424K, used 17399K [0x00000000d5d80000, 0x00000000e8380000, 0x0000000100000000)
  eden space 214016K, 0% used [0x00000000d5d80000,0x00000000d5d80000,0x00000000e2e80000)
  from space 17408K, 99% used [0x00000000e7280000,0x00000000e837dec0,0x00000000e8380000)
  to   space 21504K, 0% used [0x00000000e5980000,0x00000000e5980000,0x00000000e6e80000)
 ParOldGen       total 82432K, used 26481K [0x0000000081800000, 0x0000000086880000, 0x00000000d5d80000)
  object space 82432K, 32% used [0x0000000081800000,0x00000000831dc400,0x0000000086880000)
 Metaspace       used 25452K, capacity 26102K, committed 26368K, reserved 1073152K
  class space    used 2989K, capacity 3214K, committed 3328K, reserved 1048576K
}

Deoptimization events (10 events):
Event: 12.177 Thread 0x000000000ae10000 Uncommon trap: reason=class_check action=maybe_recompile pc=0x000000000febec2c method=java.util.concurrent.locks.AbstractQueuedSynchronizer.release(I)Z @ 2
Event: 12.179 Thread 0x000000000d5ba000 Uncommon trap: reason=class_check action=maybe_recompile pc=0x000000000febec2c method=java.util.concurrent.locks.AbstractQueuedSynchronizer.release(I)Z @ 2
Event: 12.267 Thread 0x00000000003fe000 Uncommon trap: reason=unstable_if action=reinterpret pc=0x000000000fe5c07c method=org.eclipse.sisu.plexus.RealmFilteredBeans$FilteredItr.hasNext()Z @ 57
Event: 12.547 Thread 0x00000000003fe000 Uncommon trap: reason=unstable_if action=reinterpret pc=0x000000000f8c6c3c method=org.codehaus.plexus.interpolation.StringSearchInterpolator.interpolate(Ljava/lang/String;Lorg/codehaus/plexus/interpolation/RecursionInterceptor;Ljava/util/Set;)Ljava/lang/St≈D®Áè+@
Event: 13.781 Thread 0x00000000003fe000 Uncommon trap: reason=unstable_if action=reinterpret pc=0x000000000fc09dd8 method=org.codehaus.plexus.classworlds.realm.Entry.matches(Ljava/lang/String;)Z @ 20
Event: 13.800 Thread 0x00000000003fe000 Uncommon trap: reason=unstable_if action=reinterpret pc=0x000000000f5a729c method=java.lang.reflect.Field.get(Ljava/lang/Object;)Ljava/lang/Object; @ 4
Event: 14.061 Thread 0x00000000003fe000 Uncommon trap: reason=class_check action=maybe_recompile pc=0x000000000fedfe68 method=java.util.zip.InflaterInputStream.read([BII)I @ 100
Event: 14.065 Thread 0x00000000003fe000 Uncommon trap: reason=class_check action=maybe_recompile pc=0x000000000fedfe68 method=java.util.zip.InflaterInputStream.read([BII)I @ 100
Event: 14.065 Thread 0x00000000003fe000 Uncommon trap: reason=class_check action=maybe_recompile pc=0x000000000fedfe68 method=java.util.zip.InflaterInputStream.read([BII)I @ 100
Event: 14.065 Thread 0x00000000003fe000 Uncommon trap: reason=class_check action=maybe_recompile pc=0x000000000fedfe68 method=java.util.zip.InflaterInputStream.read([BII)I @ 100

Internal exceptions (10 events):
Event: 13.672 Thread 0x00000000003fe000 Exception <a 'java/lang/NoClassDefFoundError': org/sonatype/aether/graph/DependencyNode> (0x00000000d849d830) thrown at [C:\re\workspace\8-2-build-windows-amd64-cygwin\jdk8u91\6644\hotspot\src\share\vm\classfile\systemDictionary.cpp, line 199]
Event: 13.680 Thread 0x00000000003fe000 Exception <a 'java/lang/NoClassDefFoundError': org/sonatype/aether/installation/InstallationException> (0x00000000d85327a8) thrown at [C:\re\workspace\8-2-build-windows-amd64-cygwin\jdk8u91\6644\hotspot\src\share\vm\classfile\systemDictionary.cpp, line 199.¬g)f+@
Event: 13.699 Thread 0x00000000003fe000 Exception <a 'java/lang/NoClassDefFoundError': org/sonatype/aether/artifact/Artifact> (0x00000000d8660010) thrown at [C:\re\workspace\8-2-build-windows-amd64-cygwin\jdk8u91\6644\hotspot\src\share\vm\classfile\systemDictionary.cpp, line 199]
Event: 13.701 Thread 0x00000000003fe000 Exception <a 'java/lang/NoClassDefFoundError': org/sonatype/aether/artifact/Artifact> (0x00000000d8685670) thrown at [C:\re\workspace\8-2-build-windows-amd64-cygwin\jdk8u91\6644\hotspot\src\share\vm\classfile\systemDictionary.cpp, line 199]
Event: 13.710 Thread 0x00000000003fe000 Exception <a 'java/lang/NoClassDefFoundError': org/sonatype/aether/resolution/ArtifactDescriptorException> (0x00000000d86e4388) thrown at [C:\re\workspace\8-2-build-windows-amd64-cygwin\jdk8u91\6644\hotspot\src\share\vm\classfile\systemDictionary.cpp, lineçkæ%m+@
Event: 13.713 Thread 0x00000000003fe000 Exception <a 'java/lang/NoClassDefFoundError': org/sonatype/aether/artifact/ArtifactType> (0x00000000d87137f8) thrown at [C:\re\workspace\8-2-build-windows-amd64-cygwin\jdk8u91\6644\hotspot\src\share\vm\classfile\systemDictionary.cpp, line 199]
Event: 13.723 Thread 0x00000000003fe000 Exception <a 'java/lang/NoClassDefFoundError': org/sonatype/aether/artifact/Artifact> (0x00000000d87b80c0) thrown at [C:\re\workspace\8-2-build-windows-amd64-cygwin\jdk8u91\6644\hotspot\src\share\vm\classfile\systemDictionary.cpp, line 199]
Event: 13.726 Thread 0x00000000003fe000 Exception <a 'java/lang/NoClassDefFoundError': org/sonatype/aether/deployment/DeploymentException> (0x00000000d87f1860) thrown at [C:\re\workspace\8-2-build-windows-amd64-cygwin\jdk8u91\6644\hotspot\src\share\vm\classfile\systemDictionary.cpp, line 199]
Event: 13.909 Thread 0x00000000003fe000 Exception <a 'java/lang/NoSuchFieldError': method resolution failed> (0x00000000d8acb190) thrown at [C:\re\workspace\8-2-build-windows-amd64-cygwin\jdk8u91\6644\hotspot\src\share\vm\prims\methodHandles.cpp, line 1146]
Event: 13.914 Thread 0x00000000003fe000 Exception <a 'java/lang/NoSuchFieldError': method resolution failed> (0x00000000d8ad8850) thrown at [C:\re\workspace\8-2-build-windows-amd64-cygwin\jdk8u91\6644\hotspot\src\share\vm\prims\methodHandles.cpp, line 1146]

Events (10 events):
Event: 14.102 loading class org/apache/commons/compress/archivers/zip/ExtraFieldUtils$UnparseableExtraField
Event: 14.102 loading class org/apache/commons/compress/archivers/zip/ExtraFieldUtils$UnparseableExtraField done
Event: 14.122 loading class org/springframework/boot/loader/tools/JarWriter$CrcAndSize
Event: 14.122 loading class org/springframework/boot/loader/tools/JarWriter$CrcAndSize done
Event: 14.122 loading class org/springframework/boot/loader/tools/JarWriter$CrcAndSize
Event: 14.122 loading class org/springframework/boot/loader/tools/JarWriter$CrcAndSize done
Event: 14.123 loading class org/springframework/boot/loader/tools/JarWriter$LibraryUnpackHandler
Event: 14.123 loading class org/springframework/boot/loader/tools/JarWriter$LibraryUnpackHandler done
Event: 14.123 loading class org/springframework/boot/loader/tools/JarWriter$LibraryUnpackHandler
Event: 14.123 loading class org/springframework/boot/loader/tools/JarWriter$LibraryUnpackHandler done


Dynamic libraries:
0x000000013f990000 - 0x000000013f9c7000 	C:\dev\SJCFramework_front\HuSts\00_bin\jdk1.8.0_91\bin\javaw.exe
0x0000000076cc0000 - 0x0000000076e6a000 	C:\Windows\SYSTEM32\ntdll.dll
0x0000000076ba0000 - 0x0000000076cbf000 	C:\Windows\system32\kernel32.dll
0x000007fefcb40000 - 0x000007fefcbaa000 	C:\Windows\system32\KERNELBASE.dll
0x000007fefe590000 - 0x000007fefe66b000 	C:\Windows\system32\ADVAPI32.dll
0x000007fefe310000 - 0x000007fefe3af000 	C:\Windows\system32\msvcrt.dll
0x000007fefd040000 - 0x000007fefd05f000 	C:\Windows\SYSTEM32\sechost.dll
0x000007fefe1e0000 - 0x000007fefe30d000 	C:\Windows\system32\RPCRT4.dll
0x0000000076aa0000 - 0x0000000076b9a000 	C:\Windows\system32\USER32.dll
0x000007fefe130000 - 0x000007fefe197000 	C:\Windows\system32\GDI32.dll
0x000007fefefc0000 - 0x000007fefefce000 	C:\Windows\system32\LPK.dll
0x000007fefe000000 - 0x000007fefe0ca000 	C:\Windows\system32\USP10.dll
0x000007fefae60000 - 0x000007fefb054000 	C:\Windows\WinSxS\amd64_microsoft.windows.common-controls_6595b64144ccf1df_6.0.7601.18837_none_fa3b1e3d17594757\COMCTL32.dll
0x000007fefe9c0000 - 0x000007fefea31000 	C:\Windows\system32\SHLWAPI.dll
0x000007fefe1a0000 - 0x000007fefe1ce000 	C:\Windows\system32\IMM32.DLL
0x000007fefcdb0000 - 0x000007fefceb9000 	C:\Windows\system32\MSCTF.dll
0x000007fefc920000 - 0x000007fefc952000 	C:\Windows\system32\nvinitx.dll
0x000007fefc910000 - 0x000007fefc91c000 	C:\Windows\system32\VERSION.dll
0x000000000f000000 - 0x000000000f006000 	C:\Program Files\NVIDIA Corporation\CoProcManager\detoured.dll
0x000007fef8c90000 - 0x000007fef8cc2000 	C:\Program Files\NVIDIA Corporation\CoProcManager\nvd3d9wrapx.dll
0x000007fefe3b0000 - 0x000007fefe587000 	C:\Windows\system32\SETUPAPI.dll
0x000007fefca50000 - 0x000007fefca86000 	C:\Windows\system32\CFGMGR32.dll
0x000007fefcec0000 - 0x000007fefcf9a000 	C:\Windows\system32\OLEAUT32.dll
0x000007fefddf0000 - 0x000007fefdff3000 	C:\Windows\system32\ole32.dll
0x000007fefca10000 - 0x000007fefca2a000 	C:\Windows\system32\DEVOBJ.dll
0x000007fef8bc0000 - 0x000007fef8be2000 	C:\Program Files\NVIDIA Corporation\CoProcManager\nvdxgiwrapx.dll
0x0000000068570000 - 0x0000000068642000 	C:\dev\SJCFramework_front\HuSts\00_bin\jdk1.8.0_91\jre\bin\msvcr100.dll
0x0000000062290000 - 0x0000000062b23000 	C:\dev\SJCFramework_front\HuSts\00_bin\jdk1.8.0_91\jre\bin\server\jvm.dll
0x000007fef3650000 - 0x000007fef3659000 	C:\Windows\system32\WSOCK32.dll
0x000007fefeed0000 - 0x000007fefef1d000 	C:\Windows\system32\WS2_32.dll
0x000007fefe1d0000 - 0x000007fefe1d8000 	C:\Windows\system32\NSI.dll
0x000007fef9dc0000 - 0x000007fef9dfb000 	C:\Windows\system32\WINMM.dll
0x0000000076e80000 - 0x0000000076e87000 	C:\Windows\system32\PSAPI.DLL
0x0000000069840000 - 0x000000006984f000 	C:\dev\SJCFramework_front\HuSts\00_bin\jdk1.8.0_91\jre\bin\verify.dll
0x0000000069420000 - 0x0000000069449000 	C:\dev\SJCFramework_front\HuSts\00_bin\jdk1.8.0_91\jre\bin\java.dll
0x0000000069460000 - 0x0000000069476000 	C:\dev\SJCFramework_front\HuSts\00_bin\jdk1.8.0_91\jre\bin\zip.dll
0x000007fefd060000 - 0x000007fefddea000 	C:\Windows\system32\SHELL32.dll
0x000007fefca00000 - 0x000007fefca0f000 	C:\Windows\system32\profapi.dll
0x0000000069400000 - 0x000000006941a000 	C:\dev\SJCFramework_front\HuSts\00_bin\jdk1.8.0_91\jre\bin\net.dll
0x000007fefc180000 - 0x000007fefc1d5000 	C:\Windows\system32\mswsock.dll
0x000007fefc170000 - 0x000007fefc177000 	C:\Windows\System32\wship6.dll
0x00000000693d0000 - 0x00000000693e1000 	C:\dev\SJCFramework_front\HuSts\00_bin\jdk1.8.0_91\jre\bin\nio.dll
0x0000000069be0000 - 0x0000000069bed000 	C:\dev\SJCFramework_front\HuSts\00_bin\jdk1.8.0_91\jre\bin\management.dll
0x000007fefb2d0000 - 0x000007fefb2e5000 	C:\Windows\system32\NLAapi.dll
0x000007fef75b0000 - 0x000007fef75c5000 	C:\Windows\system32\napinsp.dll
0x000007fef74d0000 - 0x000007fef74e9000 	C:\Windows\system32\pnrpnsp.dll
0x000007fefc000000 - 0x000007fefc05b000 	C:\Windows\system32\DNSAPI.dll
0x000007fef77a0000 - 0x000007fef77ab000 	C:\Windows\System32\winrnr.dll
0x000007fef75a0000 - 0x000007fef75b0000 	C:\Windows\system32\wshbth.dll
0x000007fefbb40000 - 0x000007fefbb47000 	C:\Windows\System32\wshtcpip.dll
0x000007fefade0000 - 0x000007fefae07000 	C:\Windows\system32\IPHLPAPI.DLL
0x000007fefadd0000 - 0x000007fefaddb000 	C:\Windows\system32\WINNSI.DLL
0x000007fef9a90000 - 0x000007fef9a98000 	C:\Windows\system32\rasadhlp.dll
0x000007fefac60000 - 0x000007fefacb3000 	C:\Windows\System32\fwpuclnt.dll

VM Arguments:
jvm_args: -Dmaven.home=EMBEDDED -Dclassworlds.conf=C:\dev\SjcFramework_WEB\HuSts\workspace\.metadata\.plugins\org.eclipse.m2e.launching\launches\m2conf5655462478940801818.tmp -Dmaven.multiModuleProjectDirectory=C:\dev\SjcFramework_WEB\HuSts\git\SeatLayout\SeatLayout -Dfile.encoding=UTF-8 
java_command: org.codehaus.plexus.classworlds.launcher.Launcher -Ppom.xml -B install
java_class_path (initial): /C:/dev/SjcFramework_WEB/HuSts/99_eclipse/plugins/org.eclipse.m2e.maven.runtime_1.7.0.20160603-1931/jars/plexus-classworlds-2.5.2.jar
Launcher Type: SUN_STANDARD

Environment Variables:
JAVA_HOME=C:\Program Files\Java\jdk1.8.0_181
PATH=C:\ProgramData\Oracle\Java\javapath;C:\Program Files (x86)\Intel\iCLS Client\;C:\Program Files\Intel\iCLS Client\;C:\Program Files (x86)\NVIDIA Corporation\PhysX\Common;C:\Windows\system32;C:\Windows;C:\Windows\System32\Wbem;C:\Windows\System32\WindowsPowerShell\v1.0\;C:\Program Files\Intel\Intel(R) Management Engine Components\DAL;C:\Program Files (x86)\Intel\Intel(R) Management Engine Components\DAL;C:\Program Files\Intel\Intel(R) Management Engine Components\IPT;C:\Program Files (x86)\Intel\Intel(R) Management Engine Components\IPT;C:\Program Files\Java\jdk1.8.0_181\bin\;C:\Program Files\Bandizip\;C:\Users\js\AppData\Local\GitHubDesktop\bin;C:\dev\Microsoft VS Code\bin
USERNAME=js
OS=Windows_NT
PROCESSOR_IDENTIFIER=Intel64 Family 6 Model 61 Stepping 4, GenuineIntel



---------------  S Y S T E M  ---------------

OS: Windows 7 , 64 bit Build 7601 (6.1.7601.23539)

CPU:total 4 (2 cores per cpu, 2 threads per core) family 6 model 61 stepping 4, cmov, cx8, fxsr, mmx, sse, sse2, sse3, ssse3, sse4.1, sse4.2, popcnt, avx, avx2, aes, clmul, erms, 3dnowpref, lzcnt, ht, tsc, tscinvbit, bmi1, bmi2, adx

Memory: 4k page, physical 8284400k(2011964k free), swap 8282540k(7112k free)

vm_info: Java HotSpot(TM) 64-Bit Server VM (25.91-b14) for windows-amd64 JRE (1.8.0_91-b14), built on Apr  1 2016 00:58:32 by "java_re" with MS VC++ 10.0 (VS2010)

time: Mon Nov 26 22:48:20 2018
elapsed time: 14 seconds (0d 0h 0m 14s)

